生成启动时间为 2016/7/10 22:02:02。
     1>项目“E:\vsWorkplace\App2\App2\App2.vcxproj”在节点 2 上(Build 个目标)。
     1>FxCompile:
         C:\Program Files (x86)\Windows Kits\8.1\bin\x86\fxc.exe /nologo /E"main" /T ps_4_0_level_9_1 /Fo "E:\vsWorkplace\App2\Debug\App2\SamplePixelShader.cso" /Od /Zi Content\SamplePixelShader.hlsl 
         compilation object save succeeded; see E:\vsWorkplace\App2\Debug\App2\SamplePixelShader.cso
         C:\Program Files (x86)\Windows Kits\8.1\bin\x86\fxc.exe /nologo /E"main" /T vs_4_0_level_9_1 /Fo "E:\vsWorkplace\App2\Debug\App2\SampleVertexShader.cso" /Od /Zi Content\SampleVertexShader.hlsl 
         compilation object save succeeded; see E:\vsWorkplace\App2\Debug\App2\SampleVertexShader.cso
       ClCompile:
         C:\Program Files (x86)\Microsoft Visual Studio 12.0\VC\bin\CL.exe /c /IE:\vsWorkplace\App2\App2\ /IDebug\ /IE:\vsWorkplace\App2\App2\ /I"Generated Files\\" /IDebug\ /ZI /ZW /ZW:nostdlib /nologo /W3 /WX- /sdl /MP /Od /Oy- /D _DEBUG /D _UNICODE /D UNICODE /D _DEBUG /D WINAPI_FAMILY=WINAPI_FAMILY_APP /Gm- /EHsc /RTC1 /MDd /GS /fp:precise /Zc:wchar_t /Zc:forScope /Yc"pch.h" /Fp"Debug\pch.pch" /Fo"Debug\\" /Fd"Debug\vc120.pdb" /Gd /TP /wd4453 /wd28204 /FU"C:\Program Files (x86)\Microsoft SDKs\Windows\v8.1\ExtensionSDKs\Microsoft.VCLibs\12.0\References\CommonConfiguration\neutral\platform.winmd" /FU"C:\Program Files (x86)\Windows Kits\8.1\References\CommonConfiguration\Neutral\Windows.winmd" /FU"C:\Program Files (x86)\Windows Kits\8.1\References\CommonConfiguration\Neutral\Windows.winmd" /analyze- /errorReport:prompt /bigobj pch.cpp
         pch.cpp
         C:\Program Files (x86)\Microsoft Visual Studio 12.0\VC\bin\CL.exe /c /IE:\vsWorkplace\App2\App2\ /IDebug\ /IE:\vsWorkplace\App2\App2\ /I"Generated Files\\" /IDebug\ /ZI /ZW /ZW:nostdlib /nologo /W3 /WX- /sdl /MP /Od /Oy- /D _DEBUG /D _UNICODE /D UNICODE /D _DEBUG /D WINAPI_FAMILY=WINAPI_FAMILY_APP /Gm- /EHsc /RTC1 /MDd /GS /fp:precise /Zc:wchar_t /Zc:forScope /Yu"pch.h" /Fp"Debug\pch.pch" /Fo"Debug\\" /Fd"Debug\vc120.pdb" /Gd /TP /wd4453 /wd28204 /FU"C:\Program Files (x86)\Microsoft SDKs\Windows\v8.1\ExtensionSDKs\Microsoft.VCLibs\12.0\References\CommonConfiguration\neutral\platform.winmd" /FU"C:\Program Files (x86)\Windows Kits\8.1\References\CommonConfiguration\Neutral\Windows.winmd" /FU"C:\Program Files (x86)\Windows Kits\8.1\References\CommonConfiguration\Neutral\Windows.winmd" /analyze- /errorReport:prompt /bigobj App.cpp Common\DeviceResources.cpp App2Main.cpp Content\SampleFpsTextRenderer.cpp Content\Sample3DSceneRenderer.cpp
         App.cpp
         DeviceResources.cpp
         App2Main.cpp
         SampleFpsTextRenderer.cpp
         Sample3DSceneRenderer.cpp
       Link:
         C:\Program Files (x86)\Microsoft Visual Studio 12.0\VC\bin\link.exe /ERRORREPORT:PROMPT /OUT:"E:\vsWorkplace\App2\Debug\App2\App2.exe" /INCREMENTAL /NOLOGO /LIBPATH:"C:\Program Files (x86)\Microsoft Visual Studio 12.0\VC\\lib\store" /LIBPATH:"C:\Program Files (x86)\Microsoft Visual Studio 12.0\VC\\lib" d2d1.lib d3d11.lib dxgi.lib ole32.lib windowscodecs.lib dwrite.lib kernel32.lib /MANIFEST:NO /DEBUG /PDB:"E:\vsWorkplace\App2\Debug\App2\App2.pdb" /SUBSYSTEM:WINDOWS /TLBID:1 /APPCONTAINER /WINMD /WINMDFILE:"E:\vsWorkplace\App2\Debug\App2\App2.winmd" /DYNAMICBASE /NXCOMPAT /MACHINE:X86 Debug\App.obj
         Debug\DeviceResources.obj
         Debug\App2Main.obj
         Debug\SampleFpsTextRenderer.obj
         Debug\Sample3DSceneRenderer.obj
         Debug\pch.obj
         App2.vcxproj -> E:\vsWorkplace\App2\Debug\App2\App2.exe
       _GenerateProjectPriFileCore:
         C:\Program Files (x86)\Windows Kits\8.1\bin\x64\MakePri.exe New -ProjectRoot E:\vsWorkplace\App2\App2\ -ConfigXml Debug\priconfig.xml -OutputFile E:\vsWorkplace\App2\Debug\App2\resources.pri -IndexName 8d100e7d-7d0f-411e-8b90-a0b0ba0e2811 -Verbose -Overwrite  
     1>已完成生成项目“E:\vsWorkplace\App2\App2\App2.vcxproj”(Build 个目标)的操作。

生成成功。

已用时间 00:00:37.21
